<?xml version="1.0" encoding="UTF-8"?>
<testsuite xmlns:xsi="http://www.w3.org/2001/XMLSchema-instance" xsi:noNamespaceSchemaLocation="https://maven.apache.org/surefire/maven-surefire-plugin/xsd/surefire-test-report-3.0.xsd" version="3.0" name="runners.TestRunner" time="101.605" tests="41" errors="0" skipped="0" failures="0">
  <properties>
[...]
</properties>
  <testcase name="Given User go to Tek School page" classname="Scenario: Login to test environment" time="0.001"/>
  <testcase name="And User click on test environment" classname="Scenario: Login to test environment" time="0"/>
  <testcase name="When User see test environment page" classname="Scenario: Login to test environment" time="0"/>
  <testcase name="Then User verify test environment title" classname="Scenario: Login to test environment" time="0"/>
  <testcase name="Scenario: Login to test environment" classname="Scenario: Login to test environment" time="0.864"/>
  <testcase name="Given User go to Tek School page" classname="Scenario: Login to My Account" time="0"/>
  <testcase name="And User click on test environment" classname="Scenario: Login to My Account" time="0"/>
  <testcase name="When User click on myAccount" classname="Scenario: Login to My Account" time="0"/>
  <testcase name="And User select login from dropdown" classname="Scenario: Login to My Account" time="0"/>
  <testcase name="Then User should see login page" classname="Scenario: Login to My Account" time="0"/>
  <testcase name="Scenario: Login to My Account" classname="Scenario: Login to My Account" time="0.862"/>
  <testcase name="Given User go to Tek School page" classname="| test001@test.com | test001 |" time="0"/>
  <testcase name="And User click on test environment" classname="| test001@test.com | test001 |" time="0"/>
  <testcase name="When User click on myAccount" classname="| test001@test.com | test001 |" time="0"/>
  <testcase name="And User select login from dropdown" classname="| test001@test.com | test001 |" time="0"/>
  <testcase name="Then User should see login page" classname="| test001@test.com | test001 |" time="0"/>
  <testcase name="When User enter username test001@test.com" classname="| test001@test.com | test001 |" time="0"/>
  <testcase name="And User enter password test001" classname="| test001@test.com | test001 |" time="0"/>
  <testcase name="And Click continue button" classname="| test001@test.com | test001 |" time="0"/>
  <testcase name="Then User should be logged in successfully" classname="| test001@test.com | test001 |" time="0"/>
  <testcase name="| test001@test.com | test001 |" classname="| test001@test.com | test001 |" time="0.837"/>
  <testcase name="Given User go to Tek School page" classname="| test002@test.com | test002 |" time="0"/>
  <testcase name="And User click on test environment" classname="| test002@test.com | test002 |" time="0.001"/>
  <testcase name="When User click on myAccount" classname="| test002@test.com | test002 |" time="0"/>
  <testcase name="And User select login from dropdown" classname="| test002@test.com | test002 |" time="0"/>
  <testcase name="Then User should see login page" classname="| test002@test.com | test002 |" time="0"/>
  <testcase name="When User enter username test002@test.com" classname="| test002@test.com | test002 |" time="0"/>
  <testcase name="And User enter password test002" classname="| test002@test.com | test002 |" time="0"/>
  <testcase name="And Click continue button" classname="| test002@test.com | test002 |" time="0"/>
  <testcase name="Then User should be logged in successfully" classname="| test002@test.com | test002 |" time="0"/>
  <testcase name="| test002@test.com | test002 |" classname="| test002@test.com | test002 |" time="0.819"/>
  <testcase name="Given User go to Tek School page" classname="| test003@test.com | test003 |" time="0"/>
  <testcase name="And User click on test environment" classname="| test003@test.com | test003 |" time="0"/>
  <testcase name="When User click on myAccount" classname="| test003@test.com | test003 |" time="0"/>
  <testcase name="And User select login from dropdown" classname="| test003@test.com | test003 |" time="0"/>
  <testcase name="Then User should see login page" classname="| test003@test.com | test003 |" time="0"/>
  <testcase name="When User enter username test003@test.com" classname="| test003@test.com | test003 |" time="0"/>
  <testcase name="And User enter password test003" classname="| test003@test.com | test003 |" time="0"/>
  <testcase name="And Click continue button" classname="| test003@test.com | test003 |" time="0"/>
  <testcase name="Then User should be logged in successfully" classname="| test003@test.com | test003 |" time="0"/>
  <testcase name="| test003@test.com | test003 |" classname="| test003@test.com | test003 |" time="0.81"/>
</testsuite>